[debug] [2019-01-31T13:42:27.749Z] ----------------------------------------------------------------------
[debug] [2019-01-31T13:42:27.752Z] Command:       C:\Program Files\nodejs\node.exe C:\Users\auk_xps_w\AppData\Roaming\npm\node_modules\firebase-tools\lib\bin\firebase.js serve
[debug] [2019-01-31T13:42:27.752Z] CLI Version:   6.3.0
[debug] [2019-01-31T13:42:27.752Z] Platform:      win32
[debug] [2019-01-31T13:42:27.752Z] Node Version:  v10.6.0
[debug] [2019-01-31T13:42:27.753Z] Time:          Thu Jan 31 2019 14:42:27 GMT+0100 (Central European Standard Time)
[debug] [2019-01-31T13:42:27.754Z] ----------------------------------------------------------------------
[debug] 
[debug] [2019-01-31T13:42:27.767Z] > command requires scopes: ["email","openid","https://www.googleapis.com/auth/cloudplatformprojects.readonly","https://www.googleapis.com/auth/firebase","https://www.googleapis.com/auth/cloud-platform"]
[debug] [2019-01-31T13:42:27.768Z] > authorizing via signed-in user
[debug] [2019-01-31T13:42:27.768Z] [iam] checking project meeting-clock for permissions ["firebase.projects.get"]
[debug] [2019-01-31T13:42:27.770Z] >>> HTTP REQUEST POST https://cloudresourcemanager.googleapis.com/v1/projects/meeting-clock:testIamPermissions  

[debug] [2019-01-31T13:42:28.771Z] <<< HTTP RESPONSE 200
[debug] [2019-01-31T13:42:28.775Z] >>> HTTP REQUEST GET https://cloudresourcemanager.googleapis.com/v1/projects/meeting-clock  
 
[debug] [2019-01-31T13:42:30.076Z] <<< HTTP RESPONSE 200
[info] 
[info] === Serving from 'C:\Users\auk_xps_w\code\egne\meeting-clock'...
[info] 
[debug] [2019-01-31T13:42:30.087Z] >>> HTTP REQUEST GET https://mobilesdk-pa.googleapis.com/v1/projects/1014241843023/clients/_:getWebAppConfig  
 
[debug] [2019-01-31T13:42:30.741Z] <<< HTTP RESPONSE 200
[info] i  hosting: Serving hosting files from: build
[info] +  hosting: Local server: http://localhost:5000
